Using pre-set license
Built from '2021.3/staging' branch; Version is '2021.3.22f1 (b6c551784ba3) revision 11978065'; Using compiler version '192829333'; Build Type 'Release'
OS: 'Windows 11  (10.0.22621) 64bit CoreSingleLanguage' Language: 'tr' Physical Memory: 7930 MB
BatchMode: 1, IsHumanControllingUs: 0, StartBugReporterOnCrash: 0, Is64bit: 1, IsPro: 1

COMMAND LINE ARGUMENTS:
C:\Program Files\Unity\Hub\Editor\2021.3.22f1\Editor\Unity.exe
-adb2
-batchMode
-noUpm
-name
AssetImportWorker0
-projectPath
C:/Users/ALEYNA/Desktop/Running-Man/RunningMan
-logFile
Logs/AssetImportWorker0.log
-srvPort
50138
Successfully changed project path to: C:/Users/ALEYNA/Desktop/Running-Man/RunningMan
C:/Users/ALEYNA/Desktop/Running-Man/RunningMan
[UnityMemory] Configuration Parameters - Can be set up in boot.config
    "memorysetup-bucket-allocator-granularity=16"
    "memorysetup-bucket-allocator-bucket-count=8"
    "memorysetup-bucket-allocator-block-size=33554432"
    "memorysetup-bucket-allocator-block-count=8"
    "memorysetup-main-allocator-block-size=16777216"
    "memorysetup-thread-allocator-block-size=16777216"
    "memorysetup-gfx-main-allocator-block-size=16777216"
    "memorysetup-gfx-thread-allocator-block-size=16777216"
    "memorysetup-cache-allocator-block-size=4194304"
    "memorysetup-typetree-allocator-block-size=2097152"
    "memorysetup-profiler-bucket-allocator-granularity=16"
    "memorysetup-profiler-bucket-allocator-bucket-count=8"
    "memorysetup-profiler-bucket-allocator-block-size=33554432"
    "memorysetup-profiler-bucket-allocator-block-count=8"
    "memorysetup-profiler-allocator-block-size=16777216"
    "memorysetup-profiler-editor-allocator-block-size=1048576"
    "memorysetup-temp-allocator-size-main=16777216"
    "memorysetup-job-temp-allocator-block-size=2097152"
    "memorysetup-job-temp-allocator-block-size-background=1048576"
    "memorysetup-job-temp-allocator-reduction-small-platforms=262144"
    "memorysetup-temp-allocator-size-background-worker=32768"
    "memorysetup-temp-allocator-size-job-worker=262144"
    "memorysetup-temp-allocator-size-preload-manager=33554432"
    "memorysetup-temp-allocator-size-nav-mesh-worker=65536"
    "memorysetup-temp-allocator-size-audio-worker=65536"
    "memorysetup-temp-allocator-size-cloud-worker=32768"
    "memorysetup-temp-allocator-size-gi-baking-worker=262144"
    "memorysetup-temp-allocator-size-gfx=262144"
Player connection [9368] Host "[IP] 192.168.1.36 [Port] 0 [Flags] 2 [Guid] 1874984046 [EditorId] 1874984046 [Version] 1048832 [Id] WindowsEditor(7,LAPTOP-6UIVN689) [Debug] 1 [PackageName] WindowsEditor [ProjectName] Editor" joined multi-casting on [225.0.0.222:54997]...

Player connection [9368] Host "[IP] 192.168.1.36 [Port] 0 [Flags] 2 [Guid] 1874984046 [EditorId] 1874984046 [Version] 1048832 [Id] WindowsEditor(7,LAPTOP-6UIVN689) [Debug] 1 [PackageName] WindowsEditor [ProjectName] Editor" joined alternative multi-casting on [225.0.0.222:34997]...

Refreshing native plugins compatible for Editor in 76.38 ms, found 3 plugins.
Preloading 0 native plugins for Editor in 0.00 ms.
Initialize engine version: 2021.3.22f1 (b6c551784ba3)
[Subsystems] Discovering subsystems at path C:/Program Files/Unity/Hub/Editor/2021.3.22f1/Editor/Data/Resources/UnitySubsystems
[Subsystems] Discovering subsystems at path C:/Users/ALEYNA/Desktop/Running-Man/RunningMan/Assets
GfxDevice: creating device client; threaded=0; jobified=0
Direct3D:
    Version:  Direct3D 11.0 [level 11.1]
    Renderer: NVIDIA GeForce RTX 3050 Laptop GPU (ID=0x25a5)
    Vendor:   NVIDIA
    VRAM:     3991 MB
    Driver:   31.0.15.1720
Initialize mono
Mono path[0] = 'C:/Program Files/Unity/Hub/Editor/2021.3.22f1/Editor/Data/Managed'
Mono path[1] = 'C:/Program Files/Unity/Hub/Editor/2021.3.22f1/Editor/Data/MonoBleedingEdge/lib/mono/unityjit-win32'
Mono config path = 'C:/Program Files/Unity/Hub/Editor/2021.3.22f1/Editor/Data/MonoBleedingEdge/etc'
Using monoOptions --debugger-agent=transport=dt_socket,embedding=1,server=y,suspend=n,address=127.0.0.1:56172
Begin MonoManager ReloadAssembly
Registering precompiled unity dll's ...
Register platform support module: C:/Program Files/Unity/Hub/Editor/2021.3.22f1/Editor/Data/PlaybackEngines/WebGLSupport/UnityEditor.WebGL.Extensions.dll
Register platform support module: C:/Program Files/Unity/Hub/Editor/2021.3.22f1/Editor/Data/PlaybackEngines/MacStandaloneSupport/UnityEditor.OSXStandalone.Extensions.dll
Register platform support module: C:/Program Files/Unity/Hub/Editor/2021.3.22f1/Editor/Data/PlaybackEngines/AndroidPlayer/UnityEditor.Android.Extensions.dll
Register platform support module: C:/Program Files/Unity/Hub/Editor/2021.3.22f1/Editor/Data/PlaybackEngines/iOSSupport/UnityEditor.iOS.Extensions.dll
Register platform support module: C:/Program Files/Unity/Hub/Editor/2021.3.22f1/Editor/Data/PlaybackEngines/AppleTVSupport/UnityEditor.AppleTV.Extensions.dll
Register platform support module: C:/Program Files/Unity/Hub/Editor/2021.3.22f1/Editor/Data/PlaybackEngines/WindowsStandaloneSupport/UnityEditor.WindowsStandalone.Extensions.dll
Register platform support module: C:/Program Files/Unity/Hub/Editor/2021.3.22f1/Editor/Data/PlaybackEngines/LinuxStandaloneSupport/UnityEditor.LinuxStandalone.Extensions.dll
Register platform support module: C:/Program Files/Unity/Hub/Editor/2021.3.22f1/Editor/Data/PlaybackEngines/MetroSupport/UnityEditor.UWP.Extensions.dll
Registered in 0.014192 seconds.
Native extension for UWP target not found
Native extension for LinuxStandalone target not found
Native extension for WindowsStandalone target not found
[usbmuxd] Start listen thread
[usbmuxd] Listen thread started
[usbmuxd] Send listen message
Native extension for AppleTV target not found
[usbmuxd] Start listen thread
[usbmuxd] Listen thread started
[usbmuxd] Send listen message
Native extension for iOS target not found
Native extension for Android target not found
Android Extension - Scanning For ADB Devices 256 ms
Native extension for OSXStandalone target not found
Native extension for WebGL target not found
Refreshing native plugins compatible for Editor in 75.03 ms, found 3 plugins.
Preloading 0 native plugins for Editor in 0.00 ms.
Mono: successfully reloaded assembly
- Completed reload, in  0.941 seconds
Domain Reload Profiling:
	ReloadAssembly (941ms)
		BeginReloadAssembly (140ms)
			ExecutionOrderSort (0ms)
			DisableScriptedObjects (0ms)
			BackupInstance (0ms)
			ReleaseScriptingObjects (0ms)
			CreateAndSetChildDomain (1ms)
		EndReloadAssembly (700ms)
			LoadAssemblies (143ms)
			RebuildTransferFunctionScriptingTraits (0ms)
			SetupTypeCache (103ms)
			ReleaseScriptCaches (0ms)
			RebuildScriptCaches (24ms)
			SetupLoadedEditorAssemblies (525ms)
				LogAssemblyErrors (0ms)
				InitializePlatformSupportModulesInManaged (341ms)
				SetLoadedEditorAssemblies (0ms)
				RefreshPlugins (75ms)
				BeforeProcessingInitializeOnLoad (1ms)
				ProcessInitializeOnLoadAttributes (73ms)
				ProcessInitializeOnLoadMethodAttributes (34ms)
				AfterProcessingInitializeOnLoad (0ms)
				EditorAssembliesLoaded (0ms)
			ExecutionOrderSort2 (0ms)
			AwakeInstancesAfterBackupRestoration (0ms)
Platform modules already initialized, skipping
Registering precompiled user dll's ...
Registered in 0.005368 seconds.
Begin MonoManager ReloadAssembly
Symbol file LoadedFromMemory doesn't match image C:\Users\ALEYNA\Desktop\Running-Man\RunningMan\Library\PackageCache\com.unity.visualscripting@1.8.0\Editor\VisualScripting.Core\Dependencies\YamlDotNet\Unity.VisualScripting.YamlDotNet.dll
Symbol file LoadedFromMemory doesn't match image C:\Users\ALEYNA\Desktop\Running-Man\RunningMan\Library\PackageCache\com.unity.visualscripting@1.8.0\Editor\VisualScripting.Core\Dependencies\DotNetZip\Unity.VisualScripting.IonicZip.dll
Native extension for UWP target not found
Native extension for LinuxStandalone target not found
Native extension for WindowsStandalone target not found
Native extension for AppleTV target not found
Native extension for iOS target not found
Native extension for Android target not found
Native extension for OSXStandalone target not found
Native extension for WebGL target not found
Refreshing native plugins compatible for Editor in 0.63 ms, found 3 plugins.
Preloading 0 native plugins for Editor in 0.00 ms.
Mono: successfully reloaded assembly
- Completed reload, in  1.050 seconds
Domain Reload Profiling:
	ReloadAssembly (1050ms)
		BeginReloadAssembly (108ms)
			ExecutionOrderSort (0ms)
			DisableScriptedObjects (5ms)
			BackupInstance (0ms)
			ReleaseScriptingObjects (0ms)
			CreateAndSetChildDomain (21ms)
		EndReloadAssembly (852ms)
			LoadAssemblies (135ms)
			RebuildTransferFunctionScriptingTraits (0ms)
			SetupTypeCache (261ms)
			ReleaseScriptCaches (1ms)
			RebuildScriptCaches (47ms)
			SetupLoadedEditorAssemblies (375ms)
				LogAssemblyErrors (0ms)
				InitializePlatformSupportModulesInManaged (35ms)
				SetLoadedEditorAssemblies (0ms)
				RefreshPlugins (1ms)
				BeforeProcessingInitializeOnLoad (89ms)
				ProcessInitializeOnLoadAttributes (225ms)
				ProcessInitializeOnLoadMethodAttributes (17ms)
				AfterProcessingInitializeOnLoad (8ms)
				EditorAssembliesLoaded (0ms)
			ExecutionOrderSort2 (0ms)
			AwakeInstancesAfterBackupRestoration (6ms)
Platform modules already initialized, skipping
========================================================================
Worker process is ready to serve import requests
Launched and connected shader compiler UnityShaderCompiler.exe after 0.05 seconds
Refreshing native plugins compatible for Editor in 0.66 ms, found 3 plugins.
Preloading 0 native plugins for Editor in 0.00 ms.
Unloading 3156 Unused Serialized files (Serialized files now loaded: 0)
Unloading 24 unused Assets / (113.8 KB). Loaded Objects now: 3654.
Memory consumption went from 130.5 MB to 130.4 MB.
Total: 3.016300 ms (FindLiveObjects: 0.269600 ms CreateObjectMapping: 0.140400 ms MarkObjects: 2.407300 ms  DeleteObjects: 0.197500 ms)

AssetImportParameters requested are different than current active one (requested -> active):
  custom:video-decoder-ogg-theora: a1e56fd34408186e4bbccfd4996cb3dc -> 
  custom:container-muxer-webm: aa71ff27fc2769a1b78a27578f13a17b -> 
  custom:container-demuxer-webm: 4f35f7cbe854078d1ac9338744f61a02 -> 
  custom:video-encoder-webm-vp8: eb34c28f22e8b96e1ab97ce403110664 -> 
  custom:video-codec-MediaFoundation-h265: 746d11721c4dcdbdad8f713fa42b33f4 -> 
  custom:audio-encoder-webm-vorbis: bf7c407c2cedff20999df2af8eb42d56 -> 
  custom:framework-win-MediaFoundation: 216162199b28c13a410421893ffa2e32 -> 
  custom:container-demuxer-ogg: 62fdf1f143b41e24485cea50d1cbac27 -> 
  custom:video-decoder-webm-vp8: 9c59270c3fd7afecdb556c50c9e8de78 -> 
  custom:audio-decoder-ogg-vorbis: bf7c407c2cedff20999df2af8eb42d56 -> 
========================================================================
Received Import Request.
  Time since last request: 1994.095422 seconds.
  path: Assets/Scenes/Levels/Level10.unity
  artifactKey: Guid(1fc633f40128a2344a16ad964fe7b846) Importer(815301076,1909f56bfc062723c751e8b465ee728b)
Start importing Assets/Scenes/Levels/Level10.unity using Guid(1fc633f40128a2344a16ad964fe7b846) Importer(815301076,1909f56bfc062723c751e8b465ee728b)  -> (artifact id: 'e18ccedb5e14d5aea7564b2f309bb070') in 0.016218 seconds 
========================================================================
Received Import Request.
  Time since last request: 207.236158 seconds.
  path: Assets/Scenes/Levels/Level12.unity
  artifactKey: Guid(1b2868c97f5d7054fa5968e9efe24d26) Importer(815301076,1909f56bfc062723c751e8b465ee728b)
Start importing Assets/Scenes/Levels/Level12.unity using Guid(1b2868c97f5d7054fa5968e9efe24d26) Importer(815301076,1909f56bfc062723c751e8b465ee728b)  -> (artifact id: 'd8bb0e4b37d813e562782123a9dbf6ff') in 0.011244 seconds 
========================================================================
Received Import Request.
  Time since last request: 437.764954 seconds.
  path: Assets/Scenes/Levels/Level2.unity
  artifactKey: Guid(9e675bdb38829954a9be233cfc77071e) Importer(815301076,1909f56bfc062723c751e8b465ee728b)
Start importing Assets/Scenes/Levels/Level2.unity using Guid(9e675bdb38829954a9be233cfc77071e) Importer(815301076,1909f56bfc062723c751e8b465ee728b)  -> (artifact id: 'f1bd595daad862440da74d1785f3fd6a') in 0.009016 seconds 
========================================================================
Received Import Request.
  Time since last request: 293.605568 seconds.
  path: Assets/Scenes/Levels/Level3.unity
  artifactKey: Guid(a81223d111dfe7644871305b5397f45f) Importer(815301076,1909f56bfc062723c751e8b465ee728b)
Start importing Assets/Scenes/Levels/Level3.unity using Guid(a81223d111dfe7644871305b5397f45f) Importer(815301076,1909f56bfc062723c751e8b465ee728b)  -> (artifact id: '9a0cfbaf6e43cc388d6a0ebad7601e29') in 0.009039 seconds 
========================================================================
Received Import Request.
  Time since last request: 215.954831 seconds.
  path: Assets/Scenes/Levels/Level4.unity
  artifactKey: Guid(3e3bca921795ae74f835218890fd5d6a) Importer(815301076,1909f56bfc062723c751e8b465ee728b)
Start importing Assets/Scenes/Levels/Level4.unity using Guid(3e3bca921795ae74f835218890fd5d6a) Importer(815301076,1909f56bfc062723c751e8b465ee728b)  -> (artifact id: 'd8e781f1419eb78529e5f83035654395') in 0.009288 seconds 
========================================================================
Received Import Request.
  Time since last request: 561.616595 seconds.
  path: Assets/Scenes/Levels/Level7.unity
  artifactKey: Guid(3c5eb526e62285a4184f97d464595338) Importer(815301076,1909f56bfc062723c751e8b465ee728b)
Start importing Assets/Scenes/Levels/Level7.unity using Guid(3c5eb526e62285a4184f97d464595338) Importer(815301076,1909f56bfc062723c751e8b465ee728b)  -> (artifact id: 'b7e87465ec5ef4f18fe9fc51cab5c155') in 0.010160 seconds 
========================================================================
Received Import Request.
  Time since last request: 11.280788 seconds.
  path: Assets/Scenes/Levels/Level14.unity
  artifactKey: Guid(deb9ffeab26de964baad3a73735b9f99) Importer(815301076,1909f56bfc062723c751e8b465ee728b)
Start importing Assets/Scenes/Levels/Level14.unity using Guid(deb9ffeab26de964baad3a73735b9f99) Importer(815301076,1909f56bfc062723c751e8b465ee728b)  -> (artifact id: 'dab4ce92e3cd81e76f5cc2f374fd73ce') in 0.009090 seconds 
========================================================================
Received Import Request.
  Time since last request: 208.667614 seconds.
  path: Assets/Scenes/Levels/Level13.unity
  artifactKey: Guid(3c9f766b3b1c967429cf99271b0d4e4b) Importer(815301076,1909f56bfc062723c751e8b465ee728b)
Start importing Assets/Scenes/Levels/Level13.unity using Guid(3c9f766b3b1c967429cf99271b0d4e4b) Importer(815301076,1909f56bfc062723c751e8b465ee728b)  -> (artifact id: 'b4303368cca9c7858216fffe0732fb75') in 0.009414 seconds 
========================================================================
Received Import Request.
  Time since last request: 193.577829 seconds.
  path: Assets/Scenes/Levels/Level12.unity
  artifactKey: Guid(1b2868c97f5d7054fa5968e9efe24d26) Importer(815301076,1909f56bfc062723c751e8b465ee728b)
Start importing Assets/Scenes/Levels/Level12.unity using Guid(1b2868c97f5d7054fa5968e9efe24d26) Importer(815301076,1909f56bfc062723c751e8b465ee728b)  -> (artifact id: 'b56d25a0a0788ffddf566589b1902240') in 0.002656 seconds 
========================================================================
Received Import Request.
  Time since last request: 119.752875 seconds.
  path: Assets/Scenes/Levels/Level11.unity
  artifactKey: Guid(960369742234b6e46a8a3ef34cdd040c) Importer(815301076,1909f56bfc062723c751e8b465ee728b)
Start importing Assets/Scenes/Levels/Level11.unity using Guid(960369742234b6e46a8a3ef34cdd040c) Importer(815301076,1909f56bfc062723c751e8b465ee728b)  -> (artifact id: '2e2730f2cc15d500823bf9b1a1897e98') in 0.007796 seconds 
========================================================================
Received Import Request.
  Time since last request: 155.579264 seconds.
  path: Assets/Scenes/Levels/Level10.unity
  artifactKey: Guid(1fc633f40128a2344a16ad964fe7b846) Importer(815301076,1909f56bfc062723c751e8b465ee728b)
Start importing Assets/Scenes/Levels/Level10.unity using Guid(1fc633f40128a2344a16ad964fe7b846) Importer(815301076,1909f56bfc062723c751e8b465ee728b)  -> (artifact id: '9f14ac116871d3a0311ce611ed8a97e4') in 0.002354 seconds 
========================================================================
Received Import Request.
  Time since last request: 117.330164 seconds.
  path: Assets/Scenes/Levels/Level9.unity
  artifactKey: Guid(ec49ab660a6e9bf4d9fca50a785d4b35) Importer(815301076,1909f56bfc062723c751e8b465ee728b)
Start importing Assets/Scenes/Levels/Level9.unity using Guid(ec49ab660a6e9bf4d9fca50a785d4b35) Importer(815301076,1909f56bfc062723c751e8b465ee728b)  -> (artifact id: 'a46fd017a6f0704ec159c5d9b234dd96') in 0.009426 seconds 
========================================================================
Received Import Request.
  Time since last request: 120.458232 seconds.
  path: Assets/Scenes/Levels/Level8.unity
  artifactKey: Guid(38915fb1ea38f024990cedfdb1ac8f1c) Importer(815301076,1909f56bfc062723c751e8b465ee728b)
Start importing Assets/Scenes/Levels/Level8.unity using Guid(38915fb1ea38f024990cedfdb1ac8f1c) Importer(815301076,1909f56bfc062723c751e8b465ee728b)  -> (artifact id: 'fe600c08fb6e4065fa7c24f24e387fc6') in 0.008778 seconds 
========================================================================
Received Import Request.
  Time since last request: 253.473902 seconds.
  path: Assets/Scenes/Levels/Level14.unity
  artifactKey: Guid(deb9ffeab26de964baad3a73735b9f99) Importer(815301076,1909f56bfc062723c751e8b465ee728b)
Start importing Assets/Scenes/Levels/Level14.unity using Guid(deb9ffeab26de964baad3a73735b9f99) Importer(815301076,1909f56bfc062723c751e8b465ee728b)  -> (artifact id: '52d08d1fa3858f3a703b405ba93e3a5e') in 0.002600 seconds 
