Using pre-set license
Built from '2021.3/staging' branch; Version is '2021.3.22f1 (b6c551784ba3) revision 11978065'; Using compiler version '192829333'; Build Type 'Release'
OS: 'Windows 11  (10.0.22621) 64bit CoreSingleLanguage' Language: 'tr' Physical Memory: 7930 MB
BatchMode: 1, IsHumanControllingUs: 0, StartBugReporterOnCrash: 0, Is64bit: 1, IsPro: 1

COMMAND LINE ARGUMENTS:
C:\Program Files\Unity\Hub\Editor\2021.3.22f1\Editor\Unity.exe
-adb2
-batchMode
-noUpm
-name
AssetImportWorker1
-projectPath
C:/Users/ALEYNA/Desktop/Running-Man/RunningMan
-logFile
Logs/AssetImportWorker1.log
-srvPort
49914
Successfully changed project path to: C:/Users/ALEYNA/Desktop/Running-Man/RunningMan
C:/Users/ALEYNA/Desktop/Running-Man/RunningMan
[UnityMemory] Configuration Parameters - Can be set up in boot.config
    "memorysetup-bucket-allocator-granularity=16"
    "memorysetup-bucket-allocator-bucket-count=8"
    "memorysetup-bucket-allocator-block-size=33554432"
    "memorysetup-bucket-allocator-block-count=8"
    "memorysetup-main-allocator-block-size=16777216"
    "memorysetup-thread-allocator-block-size=16777216"
    "memorysetup-gfx-main-allocator-block-size=16777216"
    "memorysetup-gfx-thread-allocator-block-size=16777216"
    "memorysetup-cache-allocator-block-size=4194304"
    "memorysetup-typetree-allocator-block-size=2097152"
    "memorysetup-profiler-bucket-allocator-granularity=16"
    "memorysetup-profiler-bucket-allocator-bucket-count=8"
    "memorysetup-profiler-bucket-allocator-block-size=33554432"
    "memorysetup-profiler-bucket-allocator-block-count=8"
    "memorysetup-profiler-allocator-block-size=16777216"
    "memorysetup-profiler-editor-allocator-block-size=1048576"
    "memorysetup-temp-allocator-size-main=16777216"
    "memorysetup-job-temp-allocator-block-size=2097152"
    "memorysetup-job-temp-allocator-block-size-background=1048576"
    "memorysetup-job-temp-allocator-reduction-small-platforms=262144"
    "memorysetup-temp-allocator-size-background-worker=32768"
    "memorysetup-temp-allocator-size-job-worker=262144"
    "memorysetup-temp-allocator-size-preload-manager=33554432"
    "memorysetup-temp-allocator-size-nav-mesh-worker=65536"
    "memorysetup-temp-allocator-size-audio-worker=65536"
    "memorysetup-temp-allocator-size-cloud-worker=32768"
    "memorysetup-temp-allocator-size-gi-baking-worker=262144"
    "memorysetup-temp-allocator-size-gfx=262144"
Player connection [3400] Host "[IP] 192.168.1.36 [Port] 0 [Flags] 2 [Guid] 2642893761 [EditorId] 2642893761 [Version] 1048832 [Id] WindowsEditor(7,LAPTOP-6UIVN689) [Debug] 1 [PackageName] WindowsEditor [ProjectName] Editor" joined multi-casting on [225.0.0.222:54997]...

Player connection [3400] Host "[IP] 192.168.1.36 [Port] 0 [Flags] 2 [Guid] 2642893761 [EditorId] 2642893761 [Version] 1048832 [Id] WindowsEditor(7,LAPTOP-6UIVN689) [Debug] 1 [PackageName] WindowsEditor [ProjectName] Editor" joined alternative multi-casting on [225.0.0.222:34997]...

Refreshing native plugins compatible for Editor in 77.40 ms, found 3 plugins.
Preloading 0 native plugins for Editor in 0.00 ms.
Initialize engine version: 2021.3.22f1 (b6c551784ba3)
[Subsystems] Discovering subsystems at path C:/Program Files/Unity/Hub/Editor/2021.3.22f1/Editor/Data/Resources/UnitySubsystems
[Subsystems] Discovering subsystems at path C:/Users/ALEYNA/Desktop/Running-Man/RunningMan/Assets
GfxDevice: creating device client; threaded=0; jobified=0
Direct3D:
    Version:  Direct3D 11.0 [level 11.1]
    Renderer: NVIDIA GeForce RTX 3050 Laptop GPU (ID=0x25a5)
    Vendor:   NVIDIA
    VRAM:     3991 MB
    Driver:   31.0.15.1720
Initialize mono
Mono path[0] = 'C:/Program Files/Unity/Hub/Editor/2021.3.22f1/Editor/Data/Managed'
Mono path[1] = 'C:/Program Files/Unity/Hub/Editor/2021.3.22f1/Editor/Data/MonoBleedingEdge/lib/mono/unityjit-win32'
Mono config path = 'C:/Program Files/Unity/Hub/Editor/2021.3.22f1/Editor/Data/MonoBleedingEdge/etc'
Using monoOptions --debugger-agent=transport=dt_socket,embedding=1,server=y,suspend=n,address=127.0.0.1:56504
Begin MonoManager ReloadAssembly
Registering precompiled unity dll's ...
Register platform support module: C:/Program Files/Unity/Hub/Editor/2021.3.22f1/Editor/Data/PlaybackEngines/WebGLSupport/UnityEditor.WebGL.Extensions.dll
Register platform support module: C:/Program Files/Unity/Hub/Editor/2021.3.22f1/Editor/Data/PlaybackEngines/MacStandaloneSupport/UnityEditor.OSXStandalone.Extensions.dll
Register platform support module: C:/Program Files/Unity/Hub/Editor/2021.3.22f1/Editor/Data/PlaybackEngines/AndroidPlayer/UnityEditor.Android.Extensions.dll
Register platform support module: C:/Program Files/Unity/Hub/Editor/2021.3.22f1/Editor/Data/PlaybackEngines/iOSSupport/UnityEditor.iOS.Extensions.dll
Register platform support module: C:/Program Files/Unity/Hub/Editor/2021.3.22f1/Editor/Data/PlaybackEngines/AppleTVSupport/UnityEditor.AppleTV.Extensions.dll
Register platform support module: C:/Program Files/Unity/Hub/Editor/2021.3.22f1/Editor/Data/PlaybackEngines/WindowsStandaloneSupport/UnityEditor.WindowsStandalone.Extensions.dll
Register platform support module: C:/Program Files/Unity/Hub/Editor/2021.3.22f1/Editor/Data/PlaybackEngines/LinuxStandaloneSupport/UnityEditor.LinuxStandalone.Extensions.dll
Register platform support module: C:/Program Files/Unity/Hub/Editor/2021.3.22f1/Editor/Data/PlaybackEngines/MetroSupport/UnityEditor.UWP.Extensions.dll
Registered in 0.015311 seconds.
Native extension for UWP target not found
Native extension for LinuxStandalone target not found
Native extension for WindowsStandalone target not found
[usbmuxd] Start listen thread
[usbmuxd] Listen thread started
[usbmuxd] Send listen message
Native extension for AppleTV target not found
[usbmuxd] Start listen thread
[usbmuxd] Listen thread started
[usbmuxd] Send listen message
Native extension for iOS target not found
Native extension for Android target not found
Android Extension - Scanning For ADB Devices 266 ms
Native extension for OSXStandalone target not found
Native extension for WebGL target not found
Refreshing native plugins compatible for Editor in 81.83 ms, found 3 plugins.
Preloading 0 native plugins for Editor in 0.00 ms.
Mono: successfully reloaded assembly
- Completed reload, in  0.934 seconds
Domain Reload Profiling:
	ReloadAssembly (935ms)
		BeginReloadAssembly (128ms)
			ExecutionOrderSort (0ms)
			DisableScriptedObjects (0ms)
			BackupInstance (0ms)
			ReleaseScriptingObjects (0ms)
			CreateAndSetChildDomain (1ms)
		EndReloadAssembly (711ms)
			LoadAssemblies (130ms)
			RebuildTransferFunctionScriptingTraits (0ms)
			SetupTypeCache (98ms)
			ReleaseScriptCaches (0ms)
			RebuildScriptCaches (26ms)
			SetupLoadedEditorAssemblies (540ms)
				LogAssemblyErrors (0ms)
				InitializePlatformSupportModulesInManaged (344ms)
				SetLoadedEditorAssemblies (0ms)
				RefreshPlugins (82ms)
				BeforeProcessingInitializeOnLoad (1ms)
				ProcessInitializeOnLoadAttributes (75ms)
				ProcessInitializeOnLoadMethodAttributes (37ms)
				AfterProcessingInitializeOnLoad (0ms)
				EditorAssembliesLoaded (0ms)
			ExecutionOrderSort2 (0ms)
			AwakeInstancesAfterBackupRestoration (0ms)
Platform modules already initialized, skipping
Registering precompiled user dll's ...
Registered in 0.007161 seconds.
Begin MonoManager ReloadAssembly
Symbol file LoadedFromMemory doesn't match image C:\Users\ALEYNA\Desktop\Running-Man\RunningMan\Library\PackageCache\com.unity.visualscripting@1.8.0\Editor\VisualScripting.Core\Dependencies\YamlDotNet\Unity.VisualScripting.YamlDotNet.dll
Symbol file LoadedFromMemory doesn't match image C:\Users\ALEYNA\Desktop\Running-Man\RunningMan\Library\PackageCache\com.unity.visualscripting@1.8.0\Editor\VisualScripting.Core\Dependencies\DotNetZip\Unity.VisualScripting.IonicZip.dll
Native extension for UWP target not found
Native extension for LinuxStandalone target not found
Native extension for WindowsStandalone target not found
Native extension for AppleTV target not found
Native extension for iOS target not found
Native extension for Android target not found
Native extension for OSXStandalone target not found
Native extension for WebGL target not found
Refreshing native plugins compatible for Editor in 0.77 ms, found 3 plugins.
Preloading 0 native plugins for Editor in 0.00 ms.
Mono: successfully reloaded assembly
- Completed reload, in  1.078 seconds
Domain Reload Profiling:
	ReloadAssembly (1079ms)
		BeginReloadAssembly (117ms)
			ExecutionOrderSort (0ms)
			DisableScriptedObjects (6ms)
			BackupInstance (0ms)
			ReleaseScriptingObjects (0ms)
			CreateAndSetChildDomain (21ms)
		EndReloadAssembly (868ms)
			LoadAssemblies (143ms)
			RebuildTransferFunctionScriptingTraits (0ms)
			SetupTypeCache (269ms)
			ReleaseScriptCaches (1ms)
			RebuildScriptCaches (53ms)
			SetupLoadedEditorAssemblies (366ms)
				LogAssemblyErrors (0ms)
				InitializePlatformSupportModulesInManaged (46ms)
				SetLoadedEditorAssemblies (0ms)
				RefreshPlugins (1ms)
				BeforeProcessingInitializeOnLoad (88ms)
				ProcessInitializeOnLoadAttributes (203ms)
				ProcessInitializeOnLoadMethodAttributes (18ms)
				AfterProcessingInitializeOnLoad (9ms)
				EditorAssembliesLoaded (0ms)
			ExecutionOrderSort2 (0ms)
			AwakeInstancesAfterBackupRestoration (8ms)
Platform modules already initialized, skipping
========================================================================
Worker process is ready to serve import requests
Launched and connected shader compiler UnityShaderCompiler.exe after 0.04 seconds
Refreshing native plugins compatible for Editor in 0.50 ms, found 3 plugins.
Preloading 0 native plugins for Editor in 0.00 ms.
Unloading 3154 Unused Serialized files (Serialized files now loaded: 0)
Unloading 24 unused Assets / (114.0 KB). Loaded Objects now: 3623.
Memory consumption went from 114.0 MB to 113.9 MB.
Total: 4.420700 ms (FindLiveObjects: 0.416100 ms CreateObjectMapping: 0.165400 ms MarkObjects: 3.689900 ms  DeleteObjects: 0.147300 ms)

AssetImportParameters requested are different than current active one (requested -> active):
  custom:video-decoder-ogg-theora: a1e56fd34408186e4bbccfd4996cb3dc -> 
  custom:container-muxer-webm: aa71ff27fc2769a1b78a27578f13a17b -> 
  custom:container-demuxer-webm: 4f35f7cbe854078d1ac9338744f61a02 -> 
  custom:video-encoder-webm-vp8: eb34c28f22e8b96e1ab97ce403110664 -> 
  custom:video-codec-MediaFoundation-h265: 746d11721c4dcdbdad8f713fa42b33f4 -> 
  custom:audio-encoder-webm-vorbis: bf7c407c2cedff20999df2af8eb42d56 -> 
  custom:framework-win-MediaFoundation: 216162199b28c13a410421893ffa2e32 -> 
  custom:container-demuxer-ogg: 62fdf1f143b41e24485cea50d1cbac27 -> 
  custom:video-decoder-webm-vp8: 9c59270c3fd7afecdb556c50c9e8de78 -> 
  custom:audio-decoder-ogg-vorbis: bf7c407c2cedff20999df2af8eb42d56 -> 
========================================================================
Received Import Request.
  Time since last request: 490.215015 seconds.
  path: Assets/Prefab/Other/NumberBlock.prefab
  artifactKey: Guid(8d03d6023232a7e46b39216e44616b0e) Importer(815301076,1909f56bfc062723c751e8b465ee728b)
Start importing Assets/Prefab/Other/NumberBlock.prefab using Guid(8d03d6023232a7e46b39216e44616b0e) Importer(815301076,1909f56bfc062723c751e8b465ee728b)  -> (artifact id: 'c2d862d735e6bb7d5bd0dbb249958a98') in 0.223371 seconds 
========================================================================
Received Import Request.
  Time since last request: 420.127412 seconds.
  path: Assets/Palmov Island/Low Poly Houses Free Pack/Models/Environment/chair.fbx
  artifactKey: Guid(b8d97b9cce6be324987a2678740cd952) Importer(815301076,1909f56bfc062723c751e8b465ee728b)
Start importing Assets/Palmov Island/Low Poly Houses Free Pack/Models/Environment/chair.fbx using Guid(b8d97b9cce6be324987a2678740cd952) Importer(815301076,1909f56bfc062723c751e8b465ee728b)  -> (artifact id: '8f752f0eca73c307f2aab297a096ace1') in 0.171932 seconds 
========================================================================
Received Import Request.
  Time since last request: 0.000045 seconds.
  path: Assets/Palmov Island/Low Poly Houses Free Pack/Models/Houses/city hall.fbx
  artifactKey: Guid(71d6c20995d273d459a143ea4518e3d8) Importer(815301076,1909f56bfc062723c751e8b465ee728b)
Start importing Assets/Palmov Island/Low Poly Houses Free Pack/Models/Houses/city hall.fbx using Guid(71d6c20995d273d459a143ea4518e3d8) Importer(815301076,1909f56bfc062723c751e8b465ee728b)  -> (artifact id: '26da0814bbf1f0d430ef473ac614a501') in 0.046903 seconds 
========================================================================
Received Import Request.
  Time since last request: 0.000055 seconds.
  path: Assets/Palmov Island/Low Poly Houses Free Pack/Models/Houses/cute house.fbx
  artifactKey: Guid(2bf2e0507b3902d43978787df3b5783f) Importer(815301076,1909f56bfc062723c751e8b465ee728b)
Start importing Assets/Palmov Island/Low Poly Houses Free Pack/Models/Houses/cute house.fbx using Guid(2bf2e0507b3902d43978787df3b5783f) Importer(815301076,1909f56bfc062723c751e8b465ee728b)  -> (artifact id: '42c2e83d7a36f8aa97e66e964cce3945') in 0.041856 seconds 
========================================================================
Received Import Request.
  Time since last request: 0.000027 seconds.
  path: Assets/Models/Obstacles/Saw.fbx
  artifactKey: Guid(57b0f3b69807d7f41a63647970ef5f86) Importer(815301076,1909f56bfc062723c751e8b465ee728b)
Start importing Assets/Models/Obstacles/Saw.fbx using Guid(57b0f3b69807d7f41a63647970ef5f86) Importer(815301076,1909f56bfc062723c751e8b465ee728b)  -> (artifact id: 'e56c7a5e3da8cb33047eafd4e92d8902') in 0.393775 seconds 
========================================================================
Received Import Request.
  Time since last request: 0.505071 seconds.
  path: Assets/Palmov Island/Low Poly Houses Free Pack/Models/Plants/bush 2.fbx
  artifactKey: Guid(e1720a95358162146a908f0328cd6b4b) Importer(815301076,1909f56bfc062723c751e8b465ee728b)
Start importing Assets/Palmov Island/Low Poly Houses Free Pack/Models/Plants/bush 2.fbx using Guid(e1720a95358162146a908f0328cd6b4b) Importer(815301076,1909f56bfc062723c751e8b465ee728b)  -> (artifact id: '881b92ae94c3e352539e2d18434877dd') in 0.036539 seconds 
========================================================================
Received Import Request.
  Time since last request: 0.210021 seconds.
  path: Assets/Palmov Island/Low Poly Houses Free Pack/Models/Environment/box with bottles.fbx
  artifactKey: Guid(6a1313a1461fdec4f8b21507d772f3e4) Importer(815301076,1909f56bfc062723c751e8b465ee728b)
Start importing Assets/Palmov Island/Low Poly Houses Free Pack/Models/Environment/box with bottles.fbx using Guid(6a1313a1461fdec4f8b21507d772f3e4) Importer(815301076,1909f56bfc062723c751e8b465ee728b)  -> (artifact id: '263a3bc00af1b0d13f7068cb1bfc9b8e') in 0.030049 seconds 
========================================================================
Received Import Request.
  Time since last request: 0.000028 seconds.
  path: Assets/Palmov Island/Low Poly Houses Free Pack/Models/Houses/brewery house.fbx
  artifactKey: Guid(f9045ab2be2d7c24cb76c469a2b54dea) Importer(815301076,1909f56bfc062723c751e8b465ee728b)
Start importing Assets/Palmov Island/Low Poly Houses Free Pack/Models/Houses/brewery house.fbx using Guid(f9045ab2be2d7c24cb76c469a2b54dea) Importer(815301076,1909f56bfc062723c751e8b465ee728b)  -> (artifact id: '985342cad63c5a1f7779da720da08e3d') in 0.031076 seconds 
========================================================================
Received Import Request.
  Time since last request: 0.071255 seconds.
  path: Assets/Palmov Island/Low Poly Houses Free Pack/Models/Grounds/asphalt ground wide side turn.fbx
  artifactKey: Guid(30aa85d089f0bdf458f3852be23e8e57) Importer(815301076,1909f56bfc062723c751e8b465ee728b)
Start importing Assets/Palmov Island/Low Poly Houses Free Pack/Models/Grounds/asphalt ground wide side turn.fbx using Guid(30aa85d089f0bdf458f3852be23e8e57) Importer(815301076,1909f56bfc062723c751e8b465ee728b)  -> (artifact id: '386e1379251900dd4eff0fa9b3051c8a') in 0.026430 seconds 
========================================================================
Received Import Request.
  Time since last request: 0.000027 seconds.
  path: Assets/Models/Obstacles/Sledgehammer.fbx
  artifactKey: Guid(45c14c552a4f3c0478526b57e329b8dc) Importer(815301076,1909f56bfc062723c751e8b465ee728b)
Start importing Assets/Models/Obstacles/Sledgehammer.fbx using Guid(45c14c552a4f3c0478526b57e329b8dc) Importer(815301076,1909f56bfc062723c751e8b465ee728b)  -> (artifact id: '5b259481183bc97b994e190c43360167') in 0.063773 seconds 
========================================================================
Received Import Request.
  Time since last request: 1.239319 seconds.
  path: Assets/Palmov Island/Low Poly Houses Free Pack/Models/Grounds/asphalt ground side turn.fbx
  artifactKey: Guid(5f7128136a22a704685bd28f3db72d31) Importer(815301076,1909f56bfc062723c751e8b465ee728b)
Start importing Assets/Palmov Island/Low Poly Houses Free Pack/Models/Grounds/asphalt ground side turn.fbx using Guid(5f7128136a22a704685bd28f3db72d31) Importer(815301076,1909f56bfc062723c751e8b465ee728b)  -> (artifact id: 'e625521baa9778fa81dfec4e2b290e41') in 0.024018 seconds 
========================================================================
Received Import Request.
  Time since last request: 0.000034 seconds.
  path: Assets/Palmov Island/Low Poly Houses Free Pack/Models/Grounds/asphalt ground small.fbx
  artifactKey: Guid(572d7a4feb0024b47b30fb6213be3fc6) Importer(815301076,1909f56bfc062723c751e8b465ee728b)
Start importing Assets/Palmov Island/Low Poly Houses Free Pack/Models/Grounds/asphalt ground small.fbx using Guid(572d7a4feb0024b47b30fb6213be3fc6) Importer(815301076,1909f56bfc062723c751e8b465ee728b)  -> (artifact id: '2a08c15ab0f0cc0fc172dfcf522d6976') in 0.028681 seconds 
========================================================================
Received Import Request.
  Time since last request: 29.921543 seconds.
  path: Assets/Models/OtherModels/CostumeModels/Staff3.fbx
  artifactKey: Guid(22970850d6cccbe418b67bb0685b220a) Importer(815301076,1909f56bfc062723c751e8b465ee728b)
Start importing Assets/Models/OtherModels/CostumeModels/Staff3.fbx using Guid(22970850d6cccbe418b67bb0685b220a) Importer(815301076,1909f56bfc062723c751e8b465ee728b)  -> (artifact id: '8edf3f879fd7f1a4220eb86c329e23ff') in 0.041712 seconds 
========================================================================
Received Import Request.
  Time since last request: 0.000052 seconds.
  path: Assets/Palmov Island/Low Poly Houses Free Pack/Models/Roads/paved road all directions.fbx
  artifactKey: Guid(ad6caf94ec1468048a6e754395d0bcb5) Importer(815301076,1909f56bfc062723c751e8b465ee728b)
Start importing Assets/Palmov Island/Low Poly Houses Free Pack/Models/Roads/paved road all directions.fbx using Guid(ad6caf94ec1468048a6e754395d0bcb5) Importer(815301076,1909f56bfc062723c751e8b465ee728b)  -> (artifact id: '93128acf9bca5e37b20433e7ce13b2e7') in 0.053853 seconds 
Editor requested this worker to shutdown with reason: Scaling down because of idle timeout
AssetImportWorker is now disconnected from the server
Process exiting
Exiting without the bug reporter. Application will terminate with return code 0