Using pre-set license
Built from '2021.3/staging' branch; Version is '2021.3.22f1 (b6c551784ba3) revision 11978065'; Using compiler version '192829333'; Build Type 'Release'
OS: 'Windows 11  (10.0.22621) 64bit CoreSingleLanguage' Language: 'tr' Physical Memory: 7930 MB
BatchMode: 1, IsHumanControllingUs: 0, StartBugReporterOnCrash: 0, Is64bit: 1, IsPro: 1

COMMAND LINE ARGUMENTS:
C:\Program Files\Unity\Hub\Editor\2021.3.22f1\Editor\Unity.exe
-adb2
-batchMode
-noUpm
-name
AssetImportWorker0
-projectPath
C:/Users/ALEYNA/Desktop/Running-Man/RunningMan
-logFile
Logs/AssetImportWorker0.log
-srvPort
54742
Successfully changed project path to: C:/Users/ALEYNA/Desktop/Running-Man/RunningMan
C:/Users/ALEYNA/Desktop/Running-Man/RunningMan
[UnityMemory] Configuration Parameters - Can be set up in boot.config
    "memorysetup-bucket-allocator-granularity=16"
    "memorysetup-bucket-allocator-bucket-count=8"
    "memorysetup-bucket-allocator-block-size=33554432"
    "memorysetup-bucket-allocator-block-count=8"
    "memorysetup-main-allocator-block-size=16777216"
    "memorysetup-thread-allocator-block-size=16777216"
    "memorysetup-gfx-main-allocator-block-size=16777216"
    "memorysetup-gfx-thread-allocator-block-size=16777216"
    "memorysetup-cache-allocator-block-size=4194304"
    "memorysetup-typetree-allocator-block-size=2097152"
    "memorysetup-profiler-bucket-allocator-granularity=16"
    "memorysetup-profiler-bucket-allocator-bucket-count=8"
    "memorysetup-profiler-bucket-allocator-block-size=33554432"
    "memorysetup-profiler-bucket-allocator-block-count=8"
    "memorysetup-profiler-allocator-block-size=16777216"
    "memorysetup-profiler-editor-allocator-block-size=1048576"
    "memorysetup-temp-allocator-size-main=16777216"
    "memorysetup-job-temp-allocator-block-size=2097152"
    "memorysetup-job-temp-allocator-block-size-background=1048576"
    "memorysetup-job-temp-allocator-reduction-small-platforms=262144"
    "memorysetup-temp-allocator-size-background-worker=32768"
    "memorysetup-temp-allocator-size-job-worker=262144"
    "memorysetup-temp-allocator-size-preload-manager=33554432"
    "memorysetup-temp-allocator-size-nav-mesh-worker=65536"
    "memorysetup-temp-allocator-size-audio-worker=65536"
    "memorysetup-temp-allocator-size-cloud-worker=32768"
    "memorysetup-temp-allocator-size-gi-baking-worker=262144"
    "memorysetup-temp-allocator-size-gfx=262144"
Player connection [4856] Host "[IP] 192.168.1.36 [Port] 0 [Flags] 2 [Guid] 2136076635 [EditorId] 2136076635 [Version] 1048832 [Id] WindowsEditor(7,LAPTOP-6UIVN689) [Debug] 1 [PackageName] WindowsEditor [ProjectName] Editor" joined multi-casting on [225.0.0.222:54997]...

Player connection [4856] Host "[IP] 192.168.1.36 [Port] 0 [Flags] 2 [Guid] 2136076635 [EditorId] 2136076635 [Version] 1048832 [Id] WindowsEditor(7,LAPTOP-6UIVN689) [Debug] 1 [PackageName] WindowsEditor [ProjectName] Editor" joined alternative multi-casting on [225.0.0.222:34997]...

Refreshing native plugins compatible for Editor in 65.47 ms, found 3 plugins.
Preloading 0 native plugins for Editor in 0.00 ms.
Initialize engine version: 2021.3.22f1 (b6c551784ba3)
[Subsystems] Discovering subsystems at path C:/Program Files/Unity/Hub/Editor/2021.3.22f1/Editor/Data/Resources/UnitySubsystems
[Subsystems] Discovering subsystems at path C:/Users/ALEYNA/Desktop/Running-Man/RunningMan/Assets
GfxDevice: creating device client; threaded=0; jobified=0
Direct3D:
    Version:  Direct3D 11.0 [level 11.1]
    Renderer: NVIDIA GeForce RTX 3050 Laptop GPU (ID=0x25a5)
    Vendor:   NVIDIA
    VRAM:     3991 MB
    Driver:   31.0.15.1720
Initialize mono
Mono path[0] = 'C:/Program Files/Unity/Hub/Editor/2021.3.22f1/Editor/Data/Managed'
Mono path[1] = 'C:/Program Files/Unity/Hub/Editor/2021.3.22f1/Editor/Data/MonoBleedingEdge/lib/mono/unityjit-win32'
Mono config path = 'C:/Program Files/Unity/Hub/Editor/2021.3.22f1/Editor/Data/MonoBleedingEdge/etc'
Using monoOptions --debugger-agent=transport=dt_socket,embedding=1,server=y,suspend=n,address=127.0.0.1:56944
Begin MonoManager ReloadAssembly
Registering precompiled unity dll's ...
Register platform support module: C:/Program Files/Unity/Hub/Editor/2021.3.22f1/Editor/Data/PlaybackEngines/WebGLSupport/UnityEditor.WebGL.Extensions.dll
Register platform support module: C:/Program Files/Unity/Hub/Editor/2021.3.22f1/Editor/Data/PlaybackEngines/MacStandaloneSupport/UnityEditor.OSXStandalone.Extensions.dll
Register platform support module: C:/Program Files/Unity/Hub/Editor/2021.3.22f1/Editor/Data/PlaybackEngines/AndroidPlayer/UnityEditor.Android.Extensions.dll
Register platform support module: C:/Program Files/Unity/Hub/Editor/2021.3.22f1/Editor/Data/PlaybackEngines/iOSSupport/UnityEditor.iOS.Extensions.dll
Register platform support module: C:/Program Files/Unity/Hub/Editor/2021.3.22f1/Editor/Data/PlaybackEngines/AppleTVSupport/UnityEditor.AppleTV.Extensions.dll
Register platform support module: C:/Program Files/Unity/Hub/Editor/2021.3.22f1/Editor/Data/PlaybackEngines/WindowsStandaloneSupport/UnityEditor.WindowsStandalone.Extensions.dll
Register platform support module: C:/Program Files/Unity/Hub/Editor/2021.3.22f1/Editor/Data/PlaybackEngines/LinuxStandaloneSupport/UnityEditor.LinuxStandalone.Extensions.dll
Register platform support module: C:/Program Files/Unity/Hub/Editor/2021.3.22f1/Editor/Data/PlaybackEngines/MetroSupport/UnityEditor.UWP.Extensions.dll
Registered in 0.008952 seconds.
Native extension for UWP target not found
Native extension for LinuxStandalone target not found
Native extension for WindowsStandalone target not found
[usbmuxd] Start listen thread
[usbmuxd] Listen thread started
[usbmuxd] Send listen message
Native extension for AppleTV target not found
[usbmuxd] Start listen thread
[usbmuxd] Listen thread started
[usbmuxd] Send listen message
Native extension for iOS target not found
Native extension for Android target not found
Android Extension - Scanning For ADB Devices 618 ms
Native extension for OSXStandalone target not found
Native extension for WebGL target not found
Refreshing native plugins compatible for Editor in 72.41 ms, found 3 plugins.
Preloading 0 native plugins for Editor in 0.00 ms.
Mono: successfully reloaded assembly
- Completed reload, in  1.239 seconds
Domain Reload Profiling:
	ReloadAssembly (1240ms)
		BeginReloadAssembly (73ms)
			ExecutionOrderSort (0ms)
			DisableScriptedObjects (0ms)
			BackupInstance (0ms)
			ReleaseScriptingObjects (0ms)
			CreateAndSetChildDomain (1ms)
		EndReloadAssembly (1082ms)
			LoadAssemblies (73ms)
			RebuildTransferFunctionScriptingTraits (0ms)
			SetupTypeCache (103ms)
			ReleaseScriptCaches (0ms)
			RebuildScriptCaches (35ms)
			SetupLoadedEditorAssemblies (895ms)
				LogAssemblyErrors (0ms)
				InitializePlatformSupportModulesInManaged (707ms)
				SetLoadedEditorAssemblies (0ms)
				RefreshPlugins (73ms)
				BeforeProcessingInitializeOnLoad (1ms)
				ProcessInitializeOnLoadAttributes (77ms)
				ProcessInitializeOnLoadMethodAttributes (37ms)
				AfterProcessingInitializeOnLoad (0ms)
				EditorAssembliesLoaded (0ms)
			ExecutionOrderSort2 (0ms)
			AwakeInstancesAfterBackupRestoration (0ms)
Platform modules already initialized, skipping
Registering precompiled user dll's ...
Registered in 0.006016 seconds.
Begin MonoManager ReloadAssembly
Symbol file LoadedFromMemory doesn't match image C:\Users\ALEYNA\Desktop\Running-Man\RunningMan\Library\PackageCache\com.unity.visualscripting@1.8.0\Editor\VisualScripting.Core\Dependencies\YamlDotNet\Unity.VisualScripting.YamlDotNet.dll
Symbol file LoadedFromMemory doesn't match image C:\Users\ALEYNA\Desktop\Running-Man\RunningMan\Library\PackageCache\com.unity.visualscripting@1.8.0\Editor\VisualScripting.Core\Dependencies\DotNetZip\Unity.VisualScripting.IonicZip.dll
Native extension for UWP target not found
Native extension for LinuxStandalone target not found
Native extension for WindowsStandalone target not found
Native extension for AppleTV target not found
Native extension for iOS target not found
Native extension for Android target not found
Native extension for OSXStandalone target not found
Native extension for WebGL target not found
Refreshing native plugins compatible for Editor in 1.35 ms, found 3 plugins.
Preloading 0 native plugins for Editor in 0.00 ms.
Mono: successfully reloaded assembly
- Completed reload, in  1.430 seconds
Domain Reload Profiling:
	ReloadAssembly (1431ms)
		BeginReloadAssembly (137ms)
			ExecutionOrderSort (0ms)
			DisableScriptedObjects (6ms)
			BackupInstance (0ms)
			ReleaseScriptingObjects (0ms)
			CreateAndSetChildDomain (24ms)
		EndReloadAssembly (1183ms)
			LoadAssemblies (130ms)
			RebuildTransferFunctionScriptingTraits (0ms)
			SetupTypeCache (454ms)
			ReleaseScriptCaches (1ms)
			RebuildScriptCaches (70ms)
			SetupLoadedEditorAssemblies (484ms)
				LogAssemblyErrors (0ms)
				InitializePlatformSupportModulesInManaged (38ms)
				SetLoadedEditorAssemblies (0ms)
				RefreshPlugins (1ms)
				BeforeProcessingInitializeOnLoad (84ms)
				ProcessInitializeOnLoadAttributes (327ms)
				ProcessInitializeOnLoadMethodAttributes (23ms)
				AfterProcessingInitializeOnLoad (10ms)
				EditorAssembliesLoaded (0ms)
			ExecutionOrderSort2 (0ms)
			AwakeInstancesAfterBackupRestoration (12ms)
Platform modules already initialized, skipping
========================================================================
Worker process is ready to serve import requests
Launched and connected shader compiler UnityShaderCompiler.exe after 0.06 seconds
Refreshing native plugins compatible for Editor in 0.70 ms, found 3 plugins.
Preloading 0 native plugins for Editor in 0.00 ms.
Unloading 3141 Unused Serialized files (Serialized files now loaded: 0)
Unloading 24 unused Assets / (113.5 KB). Loaded Objects now: 3607.
Memory consumption went from 112.7 MB to 112.6 MB.
Total: 2.908000 ms (FindLiveObjects: 0.247500 ms CreateObjectMapping: 0.086900 ms MarkObjects: 2.461200 ms  DeleteObjects: 0.111400 ms)

AssetImportParameters requested are different than current active one (requested -> active):
  custom:video-decoder-ogg-theora: a1e56fd34408186e4bbccfd4996cb3dc -> 
  custom:container-muxer-webm: aa71ff27fc2769a1b78a27578f13a17b -> 
  custom:container-demuxer-webm: 4f35f7cbe854078d1ac9338744f61a02 -> 
  custom:video-encoder-webm-vp8: eb34c28f22e8b96e1ab97ce403110664 -> 
  custom:video-codec-MediaFoundation-h265: 746d11721c4dcdbdad8f713fa42b33f4 -> 
  custom:audio-encoder-webm-vorbis: bf7c407c2cedff20999df2af8eb42d56 -> 
  custom:framework-win-MediaFoundation: 216162199b28c13a410421893ffa2e32 -> 
  custom:container-demuxer-ogg: 62fdf1f143b41e24485cea50d1cbac27 -> 
  custom:video-decoder-webm-vp8: 9c59270c3fd7afecdb556c50c9e8de78 -> 
  custom:audio-decoder-ogg-vorbis: bf7c407c2cedff20999df2af8eb42d56 -> 
========================================================================
Received Import Request.
  Time since last request: 19679.650920 seconds.
  path: Assets/Scenes/MainMenu.unity
  artifactKey: Guid(e000e88019b3d1d46ae8e3b48b2ae951) Importer(815301076,1909f56bfc062723c751e8b465ee728b)
Start importing Assets/Scenes/MainMenu.unity using Guid(e000e88019b3d1d46ae8e3b48b2ae951) Importer(815301076,1909f56bfc062723c751e8b465ee728b)  -> (artifact id: '6b51d98cb018266854346760d263e75f') in 0.017552 seconds 
========================================================================
Received Import Request.
  Time since last request: 2.886763 seconds.
  path: Assets/Scenes/Levels.unity
  artifactKey: Guid(d9cadcb40252f57408bd02bca48a5b05) Importer(815301076,1909f56bfc062723c751e8b465ee728b)
Start importing Assets/Scenes/Levels.unity using Guid(d9cadcb40252f57408bd02bca48a5b05) Importer(815301076,1909f56bfc062723c751e8b465ee728b)  -> (artifact id: '4e55147d92ce8b8230d1cfd4d081740b') in 0.007854 seconds 
========================================================================
Received Import Request.
  Time since last request: 4.529411 seconds.
  path: Assets/Scenes/Level1 1.unity
  artifactKey: Guid(5184cdc7d7c8be04f80cc6fdc48bec41) Importer(815301076,1909f56bfc062723c751e8b465ee728b)
Start importing Assets/Scenes/Level1 1.unity using Guid(5184cdc7d7c8be04f80cc6fdc48bec41) Importer(815301076,1909f56bfc062723c751e8b465ee728b)  -> (artifact id: '9e7556fd915f2c6771f2b74ce956c105') in 0.010479 seconds 
========================================================================
Received Import Request.
  Time since last request: 6.953931 seconds.
  path: Assets/Scenes/Levels.unity
  artifactKey: Guid(5184cdc7d7c8be04f80cc6fdc48bec41) Importer(815301076,1909f56bfc062723c751e8b465ee728b)
Start importing Assets/Scenes/Levels.unity using Guid(5184cdc7d7c8be04f80cc6fdc48bec41) Importer(815301076,1909f56bfc062723c751e8b465ee728b)  -> (artifact id: 'ce2da2555ae6513f8f94b4a72083e458') in 0.002934 seconds 
========================================================================
Received Import Request.
  Time since last request: 122.393370 seconds.
  path: Assets/2D Casual UI/Original Artwork
  artifactKey: Guid(340aa2cbeb80a4c48846c87c039e46a1) Importer(815301076,1909f56bfc062723c751e8b465ee728b)
Start importing Assets/2D Casual UI/Original Artwork using Guid(340aa2cbeb80a4c48846c87c039e46a1) Importer(815301076,1909f56bfc062723c751e8b465ee728b)  -> (artifact id: '64de3e2634690474b126bce5e28209dd') in 0.011564 seconds 
========================================================================
Received Import Request.
  Time since last request: 0.409625 seconds.
  path: Assets/2D Casual UI/Sprite
  artifactKey: Guid(e768493ddca804421b25bd6727f9c844) Importer(815301076,1909f56bfc062723c751e8b465ee728b)
Start importing Assets/2D Casual UI/Sprite using Guid(e768493ddca804421b25bd6727f9c844) Importer(815301076,1909f56bfc062723c751e8b465ee728b)  -> (artifact id: '723700a8e98a45a19dbd86d2c63843c7') in 0.008986 seconds 
========================================================================
Received Import Request.
  Time since last request: 340.442221 seconds.
  path: Assets/Scenes/MainMenu.unity
  artifactKey: Guid(e000e88019b3d1d46ae8e3b48b2ae951) Importer(815301076,1909f56bfc062723c751e8b465ee728b)
Start importing Assets/Scenes/MainMenu.unity using Guid(e000e88019b3d1d46ae8e3b48b2ae951) Importer(815301076,1909f56bfc062723c751e8b465ee728b)  -> (artifact id: '55c4b65c7834aa2aa955e537ca4e5068') in 0.003606 seconds 
========================================================================
Received Import Request.
  Time since last request: 7.178679 seconds.
  path: Assets/Scenes/MainMenu 1.unity
  artifactKey: Guid(0038845a5cd831d4bbe1e8be970f239b) Importer(815301076,1909f56bfc062723c751e8b465ee728b)
Start importing Assets/Scenes/MainMenu 1.unity using Guid(0038845a5cd831d4bbe1e8be970f239b) Importer(815301076,1909f56bfc062723c751e8b465ee728b)  -> (artifact id: '17980a98571ba0735f0c77410c84d971') in 0.008318 seconds 
========================================================================
Received Import Request.
  Time since last request: 64.364201 seconds.
  path: Assets/Scenes/Levels.unity
  artifactKey: Guid(0038845a5cd831d4bbe1e8be970f239b) Importer(815301076,1909f56bfc062723c751e8b465ee728b)
Start importing Assets/Scenes/Levels.unity using Guid(0038845a5cd831d4bbe1e8be970f239b) Importer(815301076,1909f56bfc062723c751e8b465ee728b)  -> (artifact id: '08282ca55125618f964677e8b9dbbacf') in 0.003478 seconds 
========================================================================
Received Import Request.
  Time since last request: 152.556657 seconds.
  path: Assets/Scenes/MainMenu.unity
  artifactKey: Guid(e000e88019b3d1d46ae8e3b48b2ae951) Importer(815301076,1909f56bfc062723c751e8b465ee728b)
Start importing Assets/Scenes/MainMenu.unity using Guid(e000e88019b3d1d46ae8e3b48b2ae951) Importer(815301076,1909f56bfc062723c751e8b465ee728b)  -> (artifact id: 'dff6acc43bdf3277f8785a9af6100248') in 0.002929 seconds 
========================================================================
Received Import Request.
  Time since last request: 131.219098 seconds.
  path: Assets/TextMesh Pro/Examples & Extras/Resources/Fonts & Materials/Bangers SDF.asset
  artifactKey: Guid(125cb55b44b24c4393181402bc6200e6) Importer(815301076,1909f56bfc062723c751e8b465ee728b)
Start importing Assets/TextMesh Pro/Examples & Extras/Resources/Fonts & Materials/Bangers SDF.asset using Guid(125cb55b44b24c4393181402bc6200e6) Importer(815301076,1909f56bfc062723c751e8b465ee728b)  -> (artifact id: 'ec27c63c32bfd39658854924dfa22a92') in 0.339402 seconds 
========================================================================
Received Import Request.
  Time since last request: 726.429566 seconds.
  path: Assets/Scenes/Levels.unity
  artifactKey: Guid(0038845a5cd831d4bbe1e8be970f239b) Importer(815301076,1909f56bfc062723c751e8b465ee728b)
Start importing Assets/Scenes/Levels.unity using Guid(0038845a5cd831d4bbe1e8be970f239b) Importer(815301076,1909f56bfc062723c751e8b465ee728b)  -> (artifact id: '838a803723ad0ea7ca2aa1268c94ebc1') in 0.003146 seconds 
========================================================================
Received Import Request.
  Time since last request: 0.784530 seconds.
  path: Assets/Scenes/Levels 1.unity
  artifactKey: Guid(da18ab47e57f4e34996e5e03a3e436e8) Importer(815301076,1909f56bfc062723c751e8b465ee728b)
Start importing Assets/Scenes/Levels 1.unity using Guid(da18ab47e57f4e34996e5e03a3e436e8) Importer(815301076,1909f56bfc062723c751e8b465ee728b)  -> (artifact id: '91da50a6e23ff6a01fb453504151a6be') in 0.007784 seconds 
========================================================================
Received Import Request.
  Time since last request: 10.354912 seconds.
  path: Assets/Scenes/Market.unity
  artifactKey: Guid(da18ab47e57f4e34996e5e03a3e436e8) Importer(815301076,1909f56bfc062723c751e8b465ee728b)
Start importing Assets/Scenes/Market.unity using Guid(da18ab47e57f4e34996e5e03a3e436e8) Importer(815301076,1909f56bfc062723c751e8b465ee728b)  -> (artifact id: 'c0d7f0a05ece7d13674963f412a1b35f') in 0.066919 seconds 
========================================================================
Received Import Request.
  Time since last request: 8.773285 seconds.
  path: Assets/Scenes/Market 1.unity
  artifactKey: Guid(441125c7ee5e81649af3af7aac33be9c) Importer(815301076,1909f56bfc062723c751e8b465ee728b)
Start importing Assets/Scenes/Market 1.unity using Guid(441125c7ee5e81649af3af7aac33be9c) Importer(815301076,1909f56bfc062723c751e8b465ee728b)  -> (artifact id: '00d5f2d00c4e20b4f5d81111c135c5e4') in 0.007184 seconds 
========================================================================
Received Import Request.
  Time since last request: 4.763732 seconds.
  path: Assets/Scenes/Settings.unity
  artifactKey: Guid(441125c7ee5e81649af3af7aac33be9c) Importer(815301076,1909f56bfc062723c751e8b465ee728b)
Start importing Assets/Scenes/Settings.unity using Guid(441125c7ee5e81649af3af7aac33be9c) Importer(815301076,1909f56bfc062723c751e8b465ee728b)  -> (artifact id: 'ee1b6dd9125ec938b85940951f3609f1') in 0.007333 seconds 
========================================================================
Received Import Request.
  Time since last request: 10.854108 seconds.
  path: Assets/Scenes/Settings 1.unity
  artifactKey: Guid(4551e804c77e0ca42b9c7f576657e2fc) Importer(815301076,1909f56bfc062723c751e8b465ee728b)
Start importing Assets/Scenes/Settings 1.unity using Guid(4551e804c77e0ca42b9c7f576657e2fc) Importer(815301076,1909f56bfc062723c751e8b465ee728b)  -> (artifact id: '0a75d0f37287fded3ca65b0c18e9bd8c') in 0.008325 seconds 
========================================================================
Received Import Request.
  Time since last request: 5.035188 seconds.
  path: Assets/Scenes/Costume.unity
  artifactKey: Guid(4551e804c77e0ca42b9c7f576657e2fc) Importer(815301076,1909f56bfc062723c751e8b465ee728b)
Start importing Assets/Scenes/Costume.unity using Guid(4551e804c77e0ca42b9c7f576657e2fc) Importer(815301076,1909f56bfc062723c751e8b465ee728b)  -> (artifact id: 'ee81a74a3de9125047fae4d99879ab90') in 0.007561 seconds 
========================================================================
Received Import Request.
  Time since last request: 12.051130 seconds.
  path: Assets/Scenes/MainMenu.unity
  artifactKey: Guid(e000e88019b3d1d46ae8e3b48b2ae951) Importer(815301076,1909f56bfc062723c751e8b465ee728b)
Start importing Assets/Scenes/MainMenu.unity using Guid(e000e88019b3d1d46ae8e3b48b2ae951) Importer(815301076,1909f56bfc062723c751e8b465ee728b)  -> (artifact id: '6b90dbc2492cf71c1b78712057e9bf42') in 0.002369 seconds 
========================================================================
Received Import Request.
  Time since last request: 127.274152 seconds.
  path: Assets/Scenes/Market.unity
  artifactKey: Guid(da18ab47e57f4e34996e5e03a3e436e8) Importer(815301076,1909f56bfc062723c751e8b465ee728b)
Start importing Assets/Scenes/Market.unity using Guid(da18ab47e57f4e34996e5e03a3e436e8) Importer(815301076,1909f56bfc062723c751e8b465ee728b)  -> (artifact id: '78dbd1b7295eed0b4d81a1bdaa756843') in 0.003070 seconds 
========================================================================
Received Import Request.
  Time since last request: 1.040627 seconds.
  path: Assets/Scenes/Levels.unity
  artifactKey: Guid(0038845a5cd831d4bbe1e8be970f239b) Importer(815301076,1909f56bfc062723c751e8b465ee728b)
Start importing Assets/Scenes/Levels.unity using Guid(0038845a5cd831d4bbe1e8be970f239b) Importer(815301076,1909f56bfc062723c751e8b465ee728b)  -> (artifact id: 'e0b8aadf2e7bd76bcfa22d40113e27ca') in 0.002510 seconds 
========================================================================
Received Import Request.
  Time since last request: 99.258212 seconds.
  path: Assets/Scenes/Levels
  artifactKey: Guid(893c844197f6bdb4f90a2b4e1bdea339) Importer(815301076,1909f56bfc062723c751e8b465ee728b)
Start importing Assets/Scenes/Levels using Guid(893c844197f6bdb4f90a2b4e1bdea339) Importer(815301076,1909f56bfc062723c751e8b465ee728b)  -> (artifact id: 'e1fe1c4d19b0955395fefd175532cbdc') in 0.008297 seconds 
========================================================================
Received Import Request.
  Time since last request: 8.095540 seconds.
  path: Assets/Scenes/Others
  artifactKey: Guid(5956418b90c44a5419d2711fdd801c4d) Importer(815301076,1909f56bfc062723c751e8b465ee728b)
Start importing Assets/Scenes/Others using Guid(5956418b90c44a5419d2711fdd801c4d) Importer(815301076,1909f56bfc062723c751e8b465ee728b)  -> (artifact id: 'c6ded30e1314016bd1d78d5503576a17') in 0.008185 seconds 
========================================================================
Received Import Request.
  Time since last request: 2.146470 seconds.
  path: Assets/Scenes/Costume.unity
  artifactKey: Guid(4551e804c77e0ca42b9c7f576657e2fc) Importer(815301076,1909f56bfc062723c751e8b465ee728b)
Start importing Assets/Scenes/Costume.unity using Guid(4551e804c77e0ca42b9c7f576657e2fc) Importer(815301076,1909f56bfc062723c751e8b465ee728b)  -> (artifact id: '64469ff56b4d5bb5beadc5059692ff21') in 0.004570 seconds 
========================================================================
Received Import Request.
  Time since last request: 52.908561 seconds.
  path: Assets/Scenes/Others/Settings.unity
  artifactKey: Guid(441125c7ee5e81649af3af7aac33be9c) Importer(815301076,1909f56bfc062723c751e8b465ee728b)
Start importing Assets/Scenes/Others/Settings.unity using Guid(441125c7ee5e81649af3af7aac33be9c) Importer(815301076,1909f56bfc062723c751e8b465ee728b)  -> (artifact id: '9a246ee4d59ada38c3b80a152728cb02') in 0.004190 seconds 
========================================================================
Received Import Request.
  Time since last request: 122.607706 seconds.
  path: Assets/Animations/UI
  artifactKey: Guid(b676031c8d49d394981f6392dce2ae74) Importer(815301076,1909f56bfc062723c751e8b465ee728b)
Start importing Assets/Animations/UI using Guid(b676031c8d49d394981f6392dce2ae74) Importer(815301076,1909f56bfc062723c751e8b465ee728b)  -> (artifact id: '6bf598061e15a0b36054e9078532c273') in 0.007889 seconds 
========================================================================
Received Prepare
Registering precompiled user dll's ...
Registered in 0.005180 seconds.
Begin MonoManager ReloadAssembly
Symbol file LoadedFromMemory doesn't match image C:\Users\ALEYNA\Desktop\Running-Man\RunningMan\Library\PackageCache\com.unity.visualscripting@1.8.0\Editor\VisualScripting.Core\Dependencies\YamlDotNet\Unity.VisualScripting.YamlDotNet.dll
Symbol file LoadedFromMemory doesn't match image C:\Users\ALEYNA\Desktop\Running-Man\RunningMan\Library\PackageCache\com.unity.visualscripting@1.8.0\Editor\VisualScripting.Core\Dependencies\DotNetZip\Unity.VisualScripting.IonicZip.dll
Native extension for UWP target not found
Native extension for LinuxStandalone target not found
Native extension for WindowsStandalone target not found
Native extension for AppleTV target not found
Native extension for iOS target not found
Native extension for Android target not found
Native extension for OSXStandalone target not found
Native extension for WebGL target not found
Refreshing native plugins compatible for Editor in 0.83 ms, found 3 plugins.
Preloading 0 native plugins for Editor in 0.00 ms.
Mono: successfully reloaded assembly
- Completed reload, in  1.546 seconds
Domain Reload Profiling:
	ReloadAssembly (1549ms)
		BeginReloadAssembly (589ms)
			ExecutionOrderSort (0ms)
			DisableScriptedObjects (26ms)
			BackupInstance (0ms)
			ReleaseScriptingObjects (0ms)
			CreateAndSetChildDomain (283ms)
		EndReloadAssembly (860ms)
			LoadAssemblies (133ms)
			RebuildTransferFunctionScriptingTraits (0ms)
			SetupTypeCache (327ms)
			ReleaseScriptCaches (2ms)
			RebuildScriptCaches (52ms)
			SetupLoadedEditorAssemblies (339ms)
				LogAssemblyErrors (0ms)
				InitializePlatformSupportModulesInManaged (43ms)
				SetLoadedEditorAssemblies (1ms)
				RefreshPlugins (1ms)
				BeforeProcessingInitializeOnLoad (72ms)
				ProcessInitializeOnLoadAttributes (196ms)
				ProcessInitializeOnLoadMethodAttributes (18ms)
				AfterProcessingInitializeOnLoad (7ms)
				EditorAssembliesLoaded (0ms)
			ExecutionOrderSort2 (0ms)
			AwakeInstancesAfterBackupRestoration (6ms)
Platform modules already initialized, skipping
Refreshing native plugins compatible for Editor in 1.84 ms, found 3 plugins.
Preloading 0 native plugins for Editor in 0.00 ms.
Unloading 3123 Unused Serialized files (Serialized files now loaded: 0)
Unloading 17 unused Assets / (80.2 KB). Loaded Objects now: 3654.
Memory consumption went from 115.9 MB to 115.9 MB.
Total: 6.173900 ms (FindLiveObjects: 0.285300 ms CreateObjectMapping: 0.110400 ms MarkObjects: 5.456300 ms  DeleteObjects: 0.320300 ms)

AssetImportParameters requested are different than current active one (requested -> active):
  custom:video-decoder-ogg-theora: a1e56fd34408186e4bbccfd4996cb3dc -> 
  custom:container-muxer-webm: aa71ff27fc2769a1b78a27578f13a17b -> 
  custom:container-demuxer-webm: 4f35f7cbe854078d1ac9338744f61a02 -> 
  custom:video-encoder-webm-vp8: eb34c28f22e8b96e1ab97ce403110664 -> 
  custom:video-codec-MediaFoundation-h265: 746d11721c4dcdbdad8f713fa42b33f4 -> 
  custom:audio-encoder-webm-vorbis: bf7c407c2cedff20999df2af8eb42d56 -> 
  custom:framework-win-MediaFoundation: 216162199b28c13a410421893ffa2e32 -> 
  custom:container-demuxer-ogg: 62fdf1f143b41e24485cea50d1cbac27 -> 
  custom:video-decoder-webm-vp8: 9c59270c3fd7afecdb556c50c9e8de78 -> 
  custom:audio-decoder-ogg-vorbis: bf7c407c2cedff20999df2af8eb42d56 -> 
